[2025-05-22 18:08:40] [info] Start Program:
Path:".\\x64\\Debug\\"
Arguments:
Working directory: not set.
Modules: Selected: * Excluded: 
Sources: Selected: C:*.cpp Excluded: 
Log Level: Normal
Cover Children: 0
Aggregate by file: 1
Continue after C++ exception: 0
Optimized build support: 0
Export: html coverage 
Input coverage: 
Unified diff: 
Excluded line regular expressions: 
Substitute pdb source paths: 
[2025-05-22 18:08:40] [error] Error: Cannot run process, check if it is a valid executable:
Path:".\\x64\\Debug\\"
Arguments:
Working directory: not set.¾×¼¼½º°¡ °ÅºÎµÇ¾ú½À´Ï´Ù.
